<?xml version="1.0" encoding="UTF-8"?>
<!-- Generated by org.testng.reporters.JUnitReportReporter -->
<testsuite skipped="0" hostname="DESKTOP-UB8SCE2" name="com.TestNG.BasicTestNG2" tests="1" failures="0" timestamp="2020-09-09T23:01:20 ALMT" time="0.024" errors="0">
  <testcase name="function3" time="0.024" classname="com.TestNG.BasicTestNG2"/>
  <system-out/>
</testsuite> <!-- com.TestNG.BasicTestNG2 -->
