<?xml version="1.0" encoding="UTF-8"?>
<!-- Generated by org.testng.reporters.JUnitReportReporter -->
<testsuite skipped="1" hostname="DESKTOP-UB8SCE2" name="com.TestNG.BasicTestNG" tests="2" failures="0" timestamp="2020-09-09T23:01:20 ALMT" time="0.032" errors="0">
  <testcase name="function1" time="0.032" classname="com.TestNG.BasicTestNG"/>
  <system-out/>
  <testcase name="function2" classname="com.TestNG.BasicTestNG">
    <skipped/>
  </testcase> <!-- function2 -->
  <system-out/>
</testsuite> <!-- com.TestNG.BasicTestNG -->
